<?xml version="1.0" encoding="UTF-8"?>
<!-- Generated by org.testng.reporters.JUnitXMLReporter -->
<testsuite ignored="0" hostname="Bunty" failures="0" tests="3" name="Test" time="3.768" errors="0" timestamp="2023-09-26T00:01:53 IST">
  <testcase classname="d8APIChainingAssignment.CreateStudent" name="NewStudent" time="3.427"/>
  <testcase classname="d8APIChainingAssignment.GetStudent" name="FetchDetails" time="0.145"/>
  <testcase classname="d8APIChainingAssignment.UpdateStudent" name="UpdateDetails" time="0.121"/>
</testsuite> <!-- Test -->
